2016-07-07 12:45:06,354 INFO  com.mositz.springBoot.Example Starting Example on zhangxingxingdeMac-mini.local with PID 943 (/Users/zhangxingxing/study/SpringTest/SpringBoot/build/classes/main started by zhangxingxing in /Users/zhangxingxing/study/SpringTest/SpringBoot)
2016-07-07 12:45:06,364 INFO  com.mositz.springBoot.Example No active profile set, falling back to default profiles: default
2016-07-07 12:45:06,887 INFO  o.s.b.c.e.AnnotationConfigEmbeddedWebApplicationContext Refreshing org.springframework.boot.context.embedded.AnnotationConfigEmbeddedWebApplicationContext@2d17c7bc: startup date [Thu Jul 07 12:45:06 CST 2016]; root of context hierarchy
2016-07-07 12:45:06,887 INFO  o.s.b.c.e.AnnotationConfigEmbeddedWebApplicationContext Refreshing org.springframework.boot.context.embedded.AnnotationConfigEmbeddedWebApplicationContext@2d17c7bc: startup date [Thu Jul 07 12:45:06 CST 2016]; root of context hierarchy
2016-07-07 12:45:09,634 INFO  o.h.validator.internal.util.Version HV000001: Hibernate Validator 5.2.4.Final
2016-07-07 12:45:12,974 INFO  o.s.c.s.PostProcessorRegistrationDelegate$BeanPostProcessorChecker Bean 'org.springframework.transaction.annotation.ProxyTransactionManagementConfiguration' of type [class org.springframework.transaction.annotation.ProxyTransactionManagementConfiguration$$EnhancerBySpringCGLIB$$eb7255cf] is not eligible for getting processed by all BeanPostProcessors (for example: not eligible for auto-proxying)
2016-07-07 12:45:12,974 INFO  o.s.c.s.PostProcessorRegistrationDelegate$BeanPostProcessorChecker Bean 'org.springframework.transaction.annotation.ProxyTransactionManagementConfiguration' of type [class org.springframework.transaction.annotation.ProxyTransactionManagementConfiguration$$EnhancerBySpringCGLIB$$eb7255cf] is not eligible for getting processed by all BeanPostProcessors (for example: not eligible for auto-proxying)
2016-07-07 12:45:16,682 INFO  o.s.b.c.e.t.TomcatEmbeddedServletContainer Tomcat initialized with port(s): 8080 (http)
2016-07-07 12:45:16,682 INFO  o.s.b.c.e.t.TomcatEmbeddedServletContainer Tomcat initialized with port(s): 8080 (http)
2016-07-07 12:45:16,855 INFO  o.a.catalina.core.StandardService Starting service Tomcat
2016-07-07 12:45:16,880 INFO  o.a.catalina.core.StandardEngine Starting Servlet Engine: Apache Tomcat/8.0.33
2016-07-07 12:45:18,052 INFO  o.a.c.c.C.[Tomcat].[localhost].[/] Initializing Spring embedded WebApplicationContext
2016-07-07 12:45:18,052 INFO  o.s.web.context.ContextLoader Root WebApplicationContext: initialization completed in 11165 ms
2016-07-07 12:45:18,052 INFO  o.s.web.context.ContextLoader Root WebApplicationContext: initialization completed in 11165 ms
2016-07-07 12:45:18,592 INFO  o.s.b.c.e.ServletRegistrationBean Mapping servlet: 'dispatcherServlet' to [/]
2016-07-07 12:45:18,592 INFO  o.s.b.c.e.ServletRegistrationBean Mapping servlet: 'dispatcherServlet' to [/]
2016-07-07 12:45:18,615 INFO  o.s.b.c.e.ServletRegistrationBean Mapping servlet: 'webServlet' to [/h2-console/*]
2016-07-07 12:45:18,615 INFO  o.s.b.c.e.ServletRegistrationBean Mapping servlet: 'webServlet' to [/h2-console/*]
2016-07-07 12:45:18,628 INFO  o.s.b.c.e.FilterRegistrationBean Mapping filter: 'characterEncodingFilter' to: [/*]
2016-07-07 12:45:18,628 INFO  o.s.b.c.e.FilterRegistrationBean Mapping filter: 'characterEncodingFilter' to: [/*]
2016-07-07 12:45:18,629 INFO  o.s.b.c.e.FilterRegistrationBean Mapping filter: 'hiddenHttpMethodFilter' to: [/*]
2016-07-07 12:45:18,629 INFO  o.s.b.c.e.FilterRegistrationBean Mapping filter: 'hiddenHttpMethodFilter' to: [/*]
2016-07-07 12:45:18,629 INFO  o.s.b.c.e.FilterRegistrationBean Mapping filter: 'httpPutFormContentFilter' to: [/*]
2016-07-07 12:45:18,629 INFO  o.s.b.c.e.FilterRegistrationBean Mapping filter: 'httpPutFormContentFilter' to: [/*]
2016-07-07 12:45:18,629 INFO  o.s.b.c.e.FilterRegistrationBean Mapping filter: 'requestContextFilter' to: [/*]
2016-07-07 12:45:18,629 INFO  o.s.b.c.e.FilterRegistrationBean Mapping filter: 'requestContextFilter' to: [/*]
2016-07-07 12:45:18,629 INFO  o.s.b.c.e.FilterRegistrationBean Mapping filter: 'com.mositz.springBoot.FilterTest' to urls: [/*]
2016-07-07 12:45:18,629 INFO  o.s.b.c.e.FilterRegistrationBean Mapping filter: 'com.mositz.springBoot.FilterTest' to urls: [/*]
2016-07-07 12:45:20,447 INFO  o.s.o.j.LocalContainerEntityManagerFactoryBean Building JPA container EntityManagerFactory for persistence unit 'default'
2016-07-07 12:45:20,447 INFO  o.s.o.j.LocalContainerEntityManagerFactoryBean Building JPA container EntityManagerFactory for persistence unit 'default'
2016-07-07 12:45:20,501 INFO  o.h.jpa.internal.util.LogHelper HHH000204: Processing PersistenceUnitInfo [
	name: default
	...]
2016-07-07 12:45:20,764 INFO  org.hibernate.Version HHH000412: Hibernate Core {4.3.11.Final}
2016-07-07 12:45:20,803 INFO  org.hibernate.cfg.Environment HHH000206: hibernate.properties not found
2016-07-07 12:45:20,882 INFO  org.hibernate.cfg.Environment HHH000021: Bytecode provider name : javassist
2016-07-07 12:45:21,592 INFO  o.h.annotations.common.Version HCANN000001: Hibernate Commons Annotations {4.0.5.Final}
2016-07-07 12:45:22,012 INFO  org.hibernate.dialect.Dialect HHH000400: Using dialect: org.hibernate.dialect.H2Dialect
2016-07-07 12:45:22,255 WARN  o.s.b.c.e.AnnotationConfigEmbeddedWebApplicationContext Exception encountered during context initialization - cancelling refresh attempt: org.springframework.beans.factory.BeanCreationException: Error creating bean with name 'entityManagerFactory' defined in class path resource [org/springframework/boot/autoconfigure/orm/jpa/HibernateJpaAutoConfiguration.class]: Invocation of init method failed; nested exception is javax.persistence.PersistenceException: [PersistenceUnit: default] Unable to build Hibernate SessionFactory
2016-07-07 12:45:22,255 WARN  o.s.b.c.e.AnnotationConfigEmbeddedWebApplicationContext Exception encountered during context initialization - cancelling refresh attempt: org.springframework.beans.factory.BeanCreationException: Error creating bean with name 'entityManagerFactory' defined in class path resource [org/springframework/boot/autoconfigure/orm/jpa/HibernateJpaAutoConfiguration.class]: Invocation of init method failed; nested exception is javax.persistence.PersistenceException: [PersistenceUnit: default] Unable to build Hibernate SessionFactory
2016-07-07 12:45:22,297 INFO  o.a.catalina.core.StandardService Stopping service Tomcat
2016-07-07 12:45:22,407 ERROR  o.s.boot.SpringApplication Application startup failed
org.springframework.beans.factory.BeanCreationException: Error creating bean with name 'entityManagerFactory' defined in class path resource [org/springframework/boot/autoconfigure/orm/jpa/HibernateJpaAutoConfiguration.class]: Invocation of init method failed; nested exception is javax.persistence.PersistenceException: [PersistenceUnit: default] Unable to build Hibernate SessionFactory
	at org.springframework.beans.factory.support.AbstractAutowireCapableBeanFactory.initializeBean(AbstractAutowireCapableBeanFactory.java:1578)
	at org.springframework.beans.factory.support.AbstractAutowireCapableBeanFactory.doCreateBean(AbstractAutowireCapableBeanFactory.java:545)
	at org.springframework.beans.factory.support.AbstractAutowireCapableBeanFactory.createBean(AbstractAutowireCapableBeanFactory.java:482)
	at org.springframework.beans.factory.support.AbstractBeanFactory$1.getObject(AbstractBeanFactory.java:306)
	at org.springframework.beans.factory.support.DefaultSingletonBeanRegistry.getSingleton(DefaultSingletonBeanRegistry.java:230)
	at org.springframework.beans.factory.support.AbstractBeanFactory.doGetBean(AbstractBeanFactory.java:302)
	at org.springframework.beans.factory.support.AbstractBeanFactory.getBean(AbstractBeanFactory.java:197)
	at org.springframework.context.support.AbstractApplicationContext.getBean(AbstractApplicationContext.java:1054)
	at org.springframework.context.support.AbstractApplicationContext.finishBeanFactoryInitialization(AbstractApplicationContext.java:829)
	at org.springframework.context.support.AbstractApplicationContext.refresh(AbstractApplicationContext.java:538)
	at org.springframework.boot.context.embedded.EmbeddedWebApplicationContext.refresh(EmbeddedWebApplicationContext.java:118)
	at org.springframework.boot.SpringApplication.refresh(SpringApplication.java:766)
	at org.springframework.boot.SpringApplication.createAndRefreshContext(SpringApplication.java:361)
	at org.springframework.boot.SpringApplication.run(SpringApplication.java:307)
	at com.mositz.springBoot.Example.main(Example.java:35)
	at sun.reflect.NativeMethodAccessorImpl.invoke0(Native Method)
	at sun.reflect.NativeMethodAccessorImpl.invoke(NativeMethodAccessorImpl.java:62)
	at sun.reflect.DelegatingMethodAccessorImpl.invoke(DelegatingMethodAccessorImpl.java:43)
	at java.lang.reflect.Method.invoke(Method.java:498)
	at org.springframework.boot.devtools.restart.RestartLauncher.run(RestartLauncher.java:49)
Caused by: javax.persistence.PersistenceException: [PersistenceUnit: default] Unable to build Hibernate SessionFactory
	at org.hibernate.jpa.boot.internal.EntityManagerFactoryBuilderImpl.persistenceException(EntityManagerFactoryBuilderImpl.java:1249)
	at org.hibernate.jpa.boot.internal.EntityManagerFactoryBuilderImpl.access$600(EntityManagerFactoryBuilderImpl.java:120)
	at org.hibernate.jpa.boot.internal.EntityManagerFactoryBuilderImpl$4.perform(EntityManagerFactoryBuilderImpl.java:860)
	at org.hibernate.jpa.boot.internal.EntityManagerFactoryBuilderImpl$4.perform(EntityManagerFactoryBuilderImpl.java:850)
	at org.hibernate.boot.registry.classloading.internal.ClassLoaderServiceImpl.withTccl(ClassLoaderServiceImpl.java:425)
	at org.hibernate.jpa.boot.internal.EntityManagerFactoryBuilderImpl.build(EntityManagerFactoryBuilderImpl.java:849)
	at org.springframework.orm.jpa.vendor.SpringHibernateJpaPersistenceProvider.createContainerEntityManagerFactory(SpringHibernateJpaPersistenceProvider.java:60)
	at org.springframework.orm.jpa.LocalContainerEntityManagerFactoryBean.createNativeEntityManagerFactory(LocalContainerEntityManagerFactoryBean.java:343)
	at org.springframework.orm.jpa.AbstractEntityManagerFactoryBean.afterPropertiesSet(AbstractEntityManagerFactoryBean.java:319)
	at org.springframework.beans.factory.support.AbstractAutowireCapableBeanFactory.invokeInitMethods(AbstractAutowireCapableBeanFactory.java:1637)
	at org.springframework.beans.factory.support.AbstractAutowireCapableBeanFactory.initializeBean(AbstractAutowireCapableBeanFactory.java:1574)
	... 19 common frames omitted
Caused by: org.hibernate.AnnotationException: No identifier specified for entity: com.mositz.springBoot.User
	at org.hibernate.cfg.InheritanceState.determineDefaultAccessType(InheritanceState.java:277)
	at org.hibernate.cfg.InheritanceState.getElementsToProcess(InheritanceState.java:224)
	at org.hibernate.cfg.AnnotationBinder.bindClass(AnnotationBinder.java:775)
	at org.hibernate.cfg.Configuration$MetadataSourceQueue.processAnnotatedClassesQueue(Configuration.java:3845)
	at org.hibernate.cfg.Configuration$MetadataSourceQueue.processMetadata(Configuration.java:3799)
	at org.hibernate.cfg.Configuration.secondPassCompile(Configuration.java:1412)
	at org.hibernate.cfg.Configuration.buildSessionFactory(Configuration.java:1846)
	at org.hibernate.jpa.boot.internal.EntityManagerFactoryBuilderImpl$4.perform(EntityManagerFactoryBuilderImpl.java:857)
	... 27 common frames omitted
2016-07-07 12:45:22,407 ERROR  o.s.boot.SpringApplication Application startup failed
org.springframework.beans.factory.BeanCreationException: Error creating bean with name 'entityManagerFactory' defined in class path resource [org/springframework/boot/autoconfigure/orm/jpa/HibernateJpaAutoConfiguration.class]: Invocation of init method failed; nested exception is javax.persistence.PersistenceException: [PersistenceUnit: default] Unable to build Hibernate SessionFactory
	at org.springframework.beans.factory.support.AbstractAutowireCapableBeanFactory.initializeBean(AbstractAutowireCapableBeanFactory.java:1578)
	at org.springframework.beans.factory.support.AbstractAutowireCapableBeanFactory.doCreateBean(AbstractAutowireCapableBeanFactory.java:545)
	at org.springframework.beans.factory.support.AbstractAutowireCapableBeanFactory.createBean(AbstractAutowireCapableBeanFactory.java:482)
	at org.springframework.beans.factory.support.AbstractBeanFactory$1.getObject(AbstractBeanFactory.java:306)
	at org.springframework.beans.factory.support.DefaultSingletonBeanRegistry.getSingleton(DefaultSingletonBeanRegistry.java:230)
	at org.springframework.beans.factory.support.AbstractBeanFactory.doGetBean(AbstractBeanFactory.java:302)
	at org.springframework.beans.factory.support.AbstractBeanFactory.getBean(AbstractBeanFactory.java:197)
	at org.springframework.context.support.AbstractApplicationContext.getBean(AbstractApplicationContext.java:1054)
	at org.springframework.context.support.AbstractApplicationContext.finishBeanFactoryInitialization(AbstractApplicationContext.java:829)
	at org.springframework.context.support.AbstractApplicationContext.refresh(AbstractApplicationContext.java:538)
	at org.springframework.boot.context.embedded.EmbeddedWebApplicationContext.refresh(EmbeddedWebApplicationContext.java:118)
	at org.springframework.boot.SpringApplication.refresh(SpringApplication.java:766)
	at org.springframework.boot.SpringApplication.createAndRefreshContext(SpringApplication.java:361)
	at org.springframework.boot.SpringApplication.run(SpringApplication.java:307)
	at com.mositz.springBoot.Example.main(Example.java:35)
	at sun.reflect.NativeMethodAccessorImpl.invoke0(Native Method)
	at sun.reflect.NativeMethodAccessorImpl.invoke(NativeMethodAccessorImpl.java:62)
	at sun.reflect.DelegatingMethodAccessorImpl.invoke(DelegatingMethodAccessorImpl.java:43)
	at java.lang.reflect.Method.invoke(Method.java:498)
	at org.springframework.boot.devtools.restart.RestartLauncher.run(RestartLauncher.java:49)
Caused by: javax.persistence.PersistenceException: [PersistenceUnit: default] Unable to build Hibernate SessionFactory
	at org.hibernate.jpa.boot.internal.EntityManagerFactoryBuilderImpl.persistenceException(EntityManagerFactoryBuilderImpl.java:1249)
	at org.hibernate.jpa.boot.internal.EntityManagerFactoryBuilderImpl.access$600(EntityManagerFactoryBuilderImpl.java:120)
	at org.hibernate.jpa.boot.internal.EntityManagerFactoryBuilderImpl$4.perform(EntityManagerFactoryBuilderImpl.java:860)
	at org.hibernate.jpa.boot.internal.EntityManagerFactoryBuilderImpl$4.perform(EntityManagerFactoryBuilderImpl.java:850)
	at org.hibernate.boot.registry.classloading.internal.ClassLoaderServiceImpl.withTccl(ClassLoaderServiceImpl.java:425)
	at org.hibernate.jpa.boot.internal.EntityManagerFactoryBuilderImpl.build(EntityManagerFactoryBuilderImpl.java:849)
	at org.springframework.orm.jpa.vendor.SpringHibernateJpaPersistenceProvider.createContainerEntityManagerFactory(SpringHibernateJpaPersistenceProvider.java:60)
	at org.springframework.orm.jpa.LocalContainerEntityManagerFactoryBean.createNativeEntityManagerFactory(LocalContainerEntityManagerFactoryBean.java:343)
	at org.springframework.orm.jpa.AbstractEntityManagerFactoryBean.afterPropertiesSet(AbstractEntityManagerFactoryBean.java:319)
	at org.springframework.beans.factory.support.AbstractAutowireCapableBeanFactory.invokeInitMethods(AbstractAutowireCapableBeanFactory.java:1637)
	at org.springframework.beans.factory.support.AbstractAutowireCapableBeanFactory.initializeBean(AbstractAutowireCapableBeanFactory.java:1574)
	... 19 common frames omitted
Caused by: org.hibernate.AnnotationException: No identifier specified for entity: com.mositz.springBoot.User
	at org.hibernate.cfg.InheritanceState.determineDefaultAccessType(InheritanceState.java:277)
	at org.hibernate.cfg.InheritanceState.getElementsToProcess(InheritanceState.java:224)
	at org.hibernate.cfg.AnnotationBinder.bindClass(AnnotationBinder.java:775)
	at org.hibernate.cfg.Configuration$MetadataSourceQueue.processAnnotatedClassesQueue(Configuration.java:3845)
	at org.hibernate.cfg.Configuration$MetadataSourceQueue.processMetadata(Configuration.java:3799)
	at org.hibernate.cfg.Configuration.secondPassCompile(Configuration.java:1412)
	at org.hibernate.cfg.Configuration.buildSessionFactory(Configuration.java:1846)
	at org.hibernate.jpa.boot.internal.EntityManagerFactoryBuilderImpl$4.perform(EntityManagerFactoryBuilderImpl.java:857)
	... 27 common frames omitted
2016-07-07 12:45:22,411 INFO  o.s.b.l.ClasspathLoggingApplicationListener Application failed to start with classpath: [file:/Users/zhangxingxing/study/SpringTest/SpringBoot/src/main/resources/, file:/Users/zhangxingxing/study/SpringTest/SpringBoot/build/classes/main/, file:/Users/zhangxingxing/study/SpringTest/SpringBoot/build/resources/main/]
2016-07-07 12:45:22,411 INFO  o.s.b.l.ClasspathLoggingApplicationListener Application failed to start with classpath: [file:/Users/zhangxingxing/study/SpringTest/SpringBoot/src/main/resources/, file:/Users/zhangxingxing/study/SpringTest/SpringBoot/build/classes/main/, file:/Users/zhangxingxing/study/SpringTest/SpringBoot/build/resources/main/]
2016-07-07 15:56:16,448 INFO  com.mositz.springBoot.Example Starting Example on zhangxingxingdeMac-mini.local with PID 3155 (/Users/zhangxingxing/study/SpringTest/SpringBoot/build/classes/main started by zhangxingxing in /Users/zhangxingxing/study/SpringTest/SpringBoot)
2016-07-07 15:56:16,462 INFO  com.mositz.springBoot.Example No active profile set, falling back to default profiles: default
2016-07-07 15:56:16,814 INFO  o.s.b.c.e.AnnotationConfigEmbeddedWebApplicationContext Refreshing org.springframework.boot.context.embedded.AnnotationConfigEmbeddedWebApplicationContext@7692c78d: startup date [Thu Jul 07 15:56:16 CST 2016]; root of context hierarchy
2016-07-07 15:56:16,814 INFO  o.s.b.c.e.AnnotationConfigEmbeddedWebApplicationContext Refreshing org.springframework.boot.context.embedded.AnnotationConfigEmbeddedWebApplicationContext@7692c78d: startup date [Thu Jul 07 15:56:16 CST 2016]; root of context hierarchy
2016-07-07 15:56:17,978 INFO  o.h.validator.internal.util.Version HV000001: Hibernate Validator 5.2.4.Final
2016-07-07 15:56:20,874 INFO  o.s.c.s.PostProcessorRegistrationDelegate$BeanPostProcessorChecker Bean 'org.springframework.transaction.annotation.ProxyTransactionManagementConfiguration' of type [class org.springframework.transaction.annotation.ProxyTransactionManagementConfiguration$$EnhancerBySpringCGLIB$$b750cb44] is not eligible for getting processed by all BeanPostProcessors (for example: not eligible for auto-proxying)
2016-07-07 15:56:20,874 INFO  o.s.c.s.PostProcessorRegistrationDelegate$BeanPostProcessorChecker Bean 'org.springframework.transaction.annotation.ProxyTransactionManagementConfiguration' of type [class org.springframework.transaction.annotation.ProxyTransactionManagementConfiguration$$EnhancerBySpringCGLIB$$b750cb44] is not eligible for getting processed by all BeanPostProcessors (for example: not eligible for auto-proxying)
2016-07-07 15:56:21,753 INFO  o.s.b.c.e.t.TomcatEmbeddedServletContainer Tomcat initialized with port(s): 8080 (http)
2016-07-07 15:56:21,753 INFO  o.s.b.c.e.t.TomcatEmbeddedServletContainer Tomcat initialized with port(s): 8080 (http)
2016-07-07 15:56:21,783 INFO  o.a.catalina.core.StandardService Starting service Tomcat
2016-07-07 15:56:21,785 INFO  o.a.catalina.core.StandardEngine Starting Servlet Engine: Apache Tomcat/8.0.33
2016-07-07 15:56:22,350 INFO  o.a.c.c.C.[Tomcat].[localhost].[/] Initializing Spring embedded WebApplicationContext
2016-07-07 15:56:22,350 INFO  o.s.web.context.ContextLoader Root WebApplicationContext: initialization completed in 5536 ms
2016-07-07 15:56:22,350 INFO  o.s.web.context.ContextLoader Root WebApplicationContext: initialization completed in 5536 ms
2016-07-07 15:56:22,777 INFO  o.s.b.c.e.ServletRegistrationBean Mapping servlet: 'dispatcherServlet' to [/]
2016-07-07 15:56:22,777 INFO  o.s.b.c.e.ServletRegistrationBean Mapping servlet: 'dispatcherServlet' to [/]
2016-07-07 15:56:22,779 INFO  o.s.b.c.e.ServletRegistrationBean Mapping servlet: 'webServlet' to [/h2-console/*]
2016-07-07 15:56:22,779 INFO  o.s.b.c.e.ServletRegistrationBean Mapping servlet: 'webServlet' to [/h2-console/*]
2016-07-07 15:56:22,784 INFO  o.s.b.c.e.FilterRegistrationBean Mapping filter: 'characterEncodingFilter' to: [/*]
2016-07-07 15:56:22,784 INFO  o.s.b.c.e.FilterRegistrationBean Mapping filter: 'characterEncodingFilter' to: [/*]
2016-07-07 15:56:22,785 INFO  o.s.b.c.e.FilterRegistrationBean Mapping filter: 'hiddenHttpMethodFilter' to: [/*]
2016-07-07 15:56:22,785 INFO  o.s.b.c.e.FilterRegistrationBean Mapping filter: 'hiddenHttpMethodFilter' to: [/*]
2016-07-07 15:56:22,785 INFO  o.s.b.c.e.FilterRegistrationBean Mapping filter: 'httpPutFormContentFilter' to: [/*]
2016-07-07 15:56:22,785 INFO  o.s.b.c.e.FilterRegistrationBean Mapping filter: 'httpPutFormContentFilter' to: [/*]
2016-07-07 15:56:22,785 INFO  o.s.b.c.e.FilterRegistrationBean Mapping filter: 'requestContextFilter' to: [/*]
2016-07-07 15:56:22,785 INFO  o.s.b.c.e.FilterRegistrationBean Mapping filter: 'requestContextFilter' to: [/*]
2016-07-07 15:56:22,785 INFO  o.s.b.c.e.FilterRegistrationBean Mapping filter: 'com.mositz.springBoot.FilterTest' to urls: [/*]
2016-07-07 15:56:22,785 INFO  o.s.b.c.e.FilterRegistrationBean Mapping filter: 'com.mositz.springBoot.FilterTest' to urls: [/*]
2016-07-07 15:56:24,064 INFO  o.s.o.j.LocalContainerEntityManagerFactoryBean Building JPA container EntityManagerFactory for persistence unit 'default'
2016-07-07 15:56:24,064 INFO  o.s.o.j.LocalContainerEntityManagerFactoryBean Building JPA container EntityManagerFactory for persistence unit 'default'
2016-07-07 15:56:24,209 INFO  o.h.jpa.internal.util.LogHelper HHH000204: Processing PersistenceUnitInfo [
	name: default
	...]
2016-07-07 15:56:24,530 INFO  org.hibernate.Version HHH000412: Hibernate Core {4.3.11.Final}
2016-07-07 15:56:24,532 INFO  org.hibernate.cfg.Environment HHH000206: hibernate.properties not found
2016-07-07 15:56:24,535 INFO  org.hibernate.cfg.Environment HHH000021: Bytecode provider name : javassist
2016-07-07 15:56:24,860 INFO  o.h.annotations.common.Version HCANN000001: Hibernate Commons Annotations {4.0.5.Final}
2016-07-07 15:56:25,211 INFO  org.hibernate.dialect.Dialect HHH000400: Using dialect: org.hibernate.dialect.H2Dialect
2016-07-07 15:56:25,425 WARN  o.s.b.c.e.AnnotationConfigEmbeddedWebApplicationContext Exception encountered during context initialization - cancelling refresh attempt: org.springframework.beans.factory.BeanCreationException: Error creating bean with name 'entityManagerFactory' defined in class path resource [org/springframework/boot/autoconfigure/orm/jpa/HibernateJpaAutoConfiguration.class]: Invocation of init method failed; nested exception is javax.persistence.PersistenceException: [PersistenceUnit: default] Unable to build Hibernate SessionFactory
2016-07-07 15:56:25,425 WARN  o.s.b.c.e.AnnotationConfigEmbeddedWebApplicationContext Exception encountered during context initialization - cancelling refresh attempt: org.springframework.beans.factory.BeanCreationException: Error creating bean with name 'entityManagerFactory' defined in class path resource [org/springframework/boot/autoconfigure/orm/jpa/HibernateJpaAutoConfiguration.class]: Invocation of init method failed; nested exception is javax.persistence.PersistenceException: [PersistenceUnit: default] Unable to build Hibernate SessionFactory
2016-07-07 15:56:25,461 INFO  o.a.catalina.core.StandardService Stopping service Tomcat
2016-07-07 15:56:25,515 ERROR  o.s.boot.SpringApplication Application startup failed
org.springframework.beans.factory.BeanCreationException: Error creating bean with name 'entityManagerFactory' defined in class path resource [org/springframework/boot/autoconfigure/orm/jpa/HibernateJpaAutoConfiguration.class]: Invocation of init method failed; nested exception is javax.persistence.PersistenceException: [PersistenceUnit: default] Unable to build Hibernate SessionFactory
	at org.springframework.beans.factory.support.AbstractAutowireCapableBeanFactory.initializeBean(AbstractAutowireCapableBeanFactory.java:1578)
	at org.springframework.beans.factory.support.AbstractAutowireCapableBeanFactory.doCreateBean(AbstractAutowireCapableBeanFactory.java:545)
	at org.springframework.beans.factory.support.AbstractAutowireCapableBeanFactory.createBean(AbstractAutowireCapableBeanFactory.java:482)
	at org.springframework.beans.factory.support.AbstractBeanFactory$1.getObject(AbstractBeanFactory.java:306)
	at org.springframework.beans.factory.support.DefaultSingletonBeanRegistry.getSingleton(DefaultSingletonBeanRegistry.java:230)
	at org.springframework.beans.factory.support.AbstractBeanFactory.doGetBean(AbstractBeanFactory.java:302)
	at org.springframework.beans.factory.support.AbstractBeanFactory.getBean(AbstractBeanFactory.java:197)
	at org.springframework.context.support.AbstractApplicationContext.getBean(AbstractApplicationContext.java:1054)
	at org.springframework.context.support.AbstractApplicationContext.finishBeanFactoryInitialization(AbstractApplicationContext.java:829)
	at org.springframework.context.support.AbstractApplicationContext.refresh(AbstractApplicationContext.java:538)
	at org.springframework.boot.context.embedded.EmbeddedWebApplicationContext.refresh(EmbeddedWebApplicationContext.java:118)
	at org.springframework.boot.SpringApplication.refresh(SpringApplication.java:766)
	at org.springframework.boot.SpringApplication.createAndRefreshContext(SpringApplication.java:361)
	at org.springframework.boot.SpringApplication.run(SpringApplication.java:307)
	at com.mositz.springBoot.Example.main(Example.java:35)
	at sun.reflect.NativeMethodAccessorImpl.invoke0(Native Method)
	at sun.reflect.NativeMethodAccessorImpl.invoke(NativeMethodAccessorImpl.java:62)
	at sun.reflect.DelegatingMethodAccessorImpl.invoke(DelegatingMethodAccessorImpl.java:43)
	at java.lang.reflect.Method.invoke(Method.java:498)
	at org.springframework.boot.devtools.restart.RestartLauncher.run(RestartLauncher.java:49)
Caused by: javax.persistence.PersistenceException: [PersistenceUnit: default] Unable to build Hibernate SessionFactory
	at org.hibernate.jpa.boot.internal.EntityManagerFactoryBuilderImpl.persistenceException(EntityManagerFactoryBuilderImpl.java:1249)
	at org.hibernate.jpa.boot.internal.EntityManagerFactoryBuilderImpl.access$600(EntityManagerFactoryBuilderImpl.java:120)
	at org.hibernate.jpa.boot.internal.EntityManagerFactoryBuilderImpl$4.perform(EntityManagerFactoryBuilderImpl.java:860)
	at org.hibernate.jpa.boot.internal.EntityManagerFactoryBuilderImpl$4.perform(EntityManagerFactoryBuilderImpl.java:850)
	at org.hibernate.boot.registry.classloading.internal.ClassLoaderServiceImpl.withTccl(ClassLoaderServiceImpl.java:425)
	at org.hibernate.jpa.boot.internal.EntityManagerFactoryBuilderImpl.build(EntityManagerFactoryBuilderImpl.java:849)
	at org.springframework.orm.jpa.vendor.SpringHibernateJpaPersistenceProvider.createContainerEntityManagerFactory(SpringHibernateJpaPersistenceProvider.java:60)
	at org.springframework.orm.jpa.LocalContainerEntityManagerFactoryBean.createNativeEntityManagerFactory(LocalContainerEntityManagerFactoryBean.java:343)
	at org.springframework.orm.jpa.AbstractEntityManagerFactoryBean.afterPropertiesSet(AbstractEntityManagerFactoryBean.java:319)
	at org.springframework.beans.factory.support.AbstractAutowireCapableBeanFactory.invokeInitMethods(AbstractAutowireCapableBeanFactory.java:1637)
	at org.springframework.beans.factory.support.AbstractAutowireCapableBeanFactory.initializeBean(AbstractAutowireCapableBeanFactory.java:1574)
	... 19 common frames omitted
Caused by: org.hibernate.AnnotationException: No identifier specified for entity: com.mositz.springBoot.User
	at org.hibernate.cfg.InheritanceState.determineDefaultAccessType(InheritanceState.java:277)
	at org.hibernate.cfg.InheritanceState.getElementsToProcess(InheritanceState.java:224)
	at org.hibernate.cfg.AnnotationBinder.bindClass(AnnotationBinder.java:775)
	at org.hibernate.cfg.Configuration$MetadataSourceQueue.processAnnotatedClassesQueue(Configuration.java:3845)
	at org.hibernate.cfg.Configuration$MetadataSourceQueue.processMetadata(Configuration.java:3799)
	at org.hibernate.cfg.Configuration.secondPassCompile(Configuration.java:1412)
	at org.hibernate.cfg.Configuration.buildSessionFactory(Configuration.java:1846)
	at org.hibernate.jpa.boot.internal.EntityManagerFactoryBuilderImpl$4.perform(EntityManagerFactoryBuilderImpl.java:857)
	... 27 common frames omitted
2016-07-07 15:56:25,515 ERROR  o.s.boot.SpringApplication Application startup failed
org.springframework.beans.factory.BeanCreationException: Error creating bean with name 'entityManagerFactory' defined in class path resource [org/springframework/boot/autoconfigure/orm/jpa/HibernateJpaAutoConfiguration.class]: Invocation of init method failed; nested exception is javax.persistence.PersistenceException: [PersistenceUnit: default] Unable to build Hibernate SessionFactory
	at org.springframework.beans.factory.support.AbstractAutowireCapableBeanFactory.initializeBean(AbstractAutowireCapableBeanFactory.java:1578)
	at org.springframework.beans.factory.support.AbstractAutowireCapableBeanFactory.doCreateBean(AbstractAutowireCapableBeanFactory.java:545)
	at org.springframework.beans.factory.support.AbstractAutowireCapableBeanFactory.createBean(AbstractAutowireCapableBeanFactory.java:482)
	at org.springframework.beans.factory.support.AbstractBeanFactory$1.getObject(AbstractBeanFactory.java:306)
	at org.springframework.beans.factory.support.DefaultSingletonBeanRegistry.getSingleton(DefaultSingletonBeanRegistry.java:230)
	at org.springframework.beans.factory.support.AbstractBeanFactory.doGetBean(AbstractBeanFactory.java:302)
	at org.springframework.beans.factory.support.AbstractBeanFactory.getBean(AbstractBeanFactory.java:197)
	at org.springframework.context.support.AbstractApplicationContext.getBean(AbstractApplicationContext.java:1054)
	at org.springframework.context.support.AbstractApplicationContext.finishBeanFactoryInitialization(AbstractApplicationContext.java:829)
	at org.springframework.context.support.AbstractApplicationContext.refresh(AbstractApplicationContext.java:538)
	at org.springframework.boot.context.embedded.EmbeddedWebApplicationContext.refresh(EmbeddedWebApplicationContext.java:118)
	at org.springframework.boot.SpringApplication.refresh(SpringApplication.java:766)
	at org.springframework.boot.SpringApplication.createAndRefreshContext(SpringApplication.java:361)
	at org.springframework.boot.SpringApplication.run(SpringApplication.java:307)
	at com.mositz.springBoot.Example.main(Example.java:35)
	at sun.reflect.NativeMethodAccessorImpl.invoke0(Native Method)
	at sun.reflect.NativeMethodAccessorImpl.invoke(NativeMethodAccessorImpl.java:62)
	at sun.reflect.DelegatingMethodAccessorImpl.invoke(DelegatingMethodAccessorImpl.java:43)
	at java.lang.reflect.Method.invoke(Method.java:498)
	at org.springframework.boot.devtools.restart.RestartLauncher.run(RestartLauncher.java:49)
Caused by: javax.persistence.PersistenceException: [PersistenceUnit: default] Unable to build Hibernate SessionFactory
	at org.hibernate.jpa.boot.internal.EntityManagerFactoryBuilderImpl.persistenceException(EntityManagerFactoryBuilderImpl.java:1249)
	at org.hibernate.jpa.boot.internal.EntityManagerFactoryBuilderImpl.access$600(EntityManagerFactoryBuilderImpl.java:120)
	at org.hibernate.jpa.boot.internal.EntityManagerFactoryBuilderImpl$4.perform(EntityManagerFactoryBuilderImpl.java:860)
	at org.hibernate.jpa.boot.internal.EntityManagerFactoryBuilderImpl$4.perform(EntityManagerFactoryBuilderImpl.java:850)
	at org.hibernate.boot.registry.classloading.internal.ClassLoaderServiceImpl.withTccl(ClassLoaderServiceImpl.java:425)
	at org.hibernate.jpa.boot.internal.EntityManagerFactoryBuilderImpl.build(EntityManagerFactoryBuilderImpl.java:849)
	at org.springframework.orm.jpa.vendor.SpringHibernateJpaPersistenceProvider.createContainerEntityManagerFactory(SpringHibernateJpaPersistenceProvider.java:60)
	at org.springframework.orm.jpa.LocalContainerEntityManagerFactoryBean.createNativeEntityManagerFactory(LocalContainerEntityManagerFactoryBean.java:343)
	at org.springframework.orm.jpa.AbstractEntityManagerFactoryBean.afterPropertiesSet(AbstractEntityManagerFactoryBean.java:319)
	at org.springframework.beans.factory.support.AbstractAutowireCapableBeanFactory.invokeInitMethods(AbstractAutowireCapableBeanFactory.java:1637)
	at org.springframework.beans.factory.support.AbstractAutowireCapableBeanFactory.initializeBean(AbstractAutowireCapableBeanFactory.java:1574)
	... 19 common frames omitted
Caused by: org.hibernate.AnnotationException: No identifier specified for entity: com.mositz.springBoot.User
	at org.hibernate.cfg.InheritanceState.determineDefaultAccessType(InheritanceState.java:277)
	at org.hibernate.cfg.InheritanceState.getElementsToProcess(InheritanceState.java:224)
	at org.hibernate.cfg.AnnotationBinder.bindClass(AnnotationBinder.java:775)
	at org.hibernate.cfg.Configuration$MetadataSourceQueue.processAnnotatedClassesQueue(Configuration.java:3845)
	at org.hibernate.cfg.Configuration$MetadataSourceQueue.processMetadata(Configuration.java:3799)
	at org.hibernate.cfg.Configuration.secondPassCompile(Configuration.java:1412)
	at org.hibernate.cfg.Configuration.buildSessionFactory(Configuration.java:1846)
	at org.hibernate.jpa.boot.internal.EntityManagerFactoryBuilderImpl$4.perform(EntityManagerFactoryBuilderImpl.java:857)
	... 27 common frames omitted
2016-07-07 15:56:25,519 INFO  o.s.b.l.ClasspathLoggingApplicationListener Application failed to start with classpath: [file:/Users/zhangxingxing/study/SpringTest/SpringBoot/src/main/resources/, file:/Users/zhangxingxing/study/SpringTest/SpringBoot/build/classes/main/, file:/Users/zhangxingxing/study/SpringTest/SpringBoot/build/resources/main/]
2016-07-07 15:56:25,519 INFO  o.s.b.l.ClasspathLoggingApplicationListener Application failed to start with classpath: [file:/Users/zhangxingxing/study/SpringTest/SpringBoot/src/main/resources/, file:/Users/zhangxingxing/study/SpringTest/SpringBoot/build/classes/main/, file:/Users/zhangxingxing/study/SpringTest/SpringBoot/build/resources/main/]
